                                      1 ;--------------------------------------------------------
                                      2 ; File Created by SDCC : free open source ANSI-C Compiler
                                      3 ; Version 4.1.0 #12072 (MINGW32)
                                      4 ;--------------------------------------------------------
                                      5 	.module output
                                      6 	.optsdcc -mgbz80
                                      7 	
                                      8 ;--------------------------------------------------------
                                      9 ; Public variables in this module
                                     10 ;--------------------------------------------------------
                                     11 	.globl _song0
                                     12 	.globl _song_Data
                                     13 ;--------------------------------------------------------
                                     14 ; special function registers
                                     15 ;--------------------------------------------------------
                                     16 ;--------------------------------------------------------
                                     17 ; ram data
                                     18 ;--------------------------------------------------------
                                     19 	.area _DATA
      000000                         20 _song_Data::
      000000                         21 	.ds 4
                                     22 ;--------------------------------------------------------
                                     23 ; absolute external ram data
                                     24 ;--------------------------------------------------------
                                     25 	.area _DABS (ABS)
                                     26 ;--------------------------------------------------------
                                     27 ; global & static initialisations
                                     28 ;--------------------------------------------------------
                                     29 	.area _HOME
                                     30 	.area _GSINIT
                                     31 	.area _GSFINAL
                                     32 	.area _GSINIT
                                     33 ;P:\04_Computer_Science\C_CPP\Gameboy\00_jp_up\output.c:73: const unsigned char * song_Data[] = {
      000000 21r00r00                34 	ld	hl, #_song_Data
      000003 3Er00                   35 	ld	a, #<(_song0)
      000005 22                      36 	ld	(hl+), a
      000006 36s00                   37 	ld	(hl), #>(_song0)
      000008 21r02r00                38 	ld	hl, #(_song_Data + 0x0002)
      00000B AF                      39 	xor	a, a
      00000C 22                      40 	ld	(hl+), a
      00000D 77                      41 	ld	(hl), a
                                     42 ;--------------------------------------------------------
                                     43 ; Home
                                     44 ;--------------------------------------------------------
                                     45 	.area _HOME
                                     46 	.area _HOME
                                     47 ;--------------------------------------------------------
                                     48 ; code
                                     49 ;--------------------------------------------------------
                                     50 	.area _CODE
                                     51 	.area _CODE
      000000                         52 _song0:
      000000 00                      53 	.db #0x00	; 0
      000001 A2                      54 	.db #0xa2	; 162
      000002 34                      55 	.db #0x34	; 52	'4'
      000003 96                      56 	.db #0x96	; 150
      000004 37                      57 	.db #0x37	; 55	'7'
      000005 99                      58 	.db #0x99	; 153
      000006 00                      59 	.db #0x00	; 0
      000007 00                      60 	.db #0x00	; 0
      000008 20                      61 	.db #0x20	; 32
      000009 00                      62 	.db #0x00	; 0
      00000A 00                      63 	.db #0x00	; 0
      00000B 00                      64 	.db #0x00	; 0
      00000C 00                      65 	.db #0x00	; 0
      00000D 20                      66 	.db #0x20	; 32
      00000E 20                      67 	.db #0x20	; 32
      00000F 00                      68 	.db #0x00	; 0
      000010 9D                      69 	.db #0x9d	; 157
      000011 34                      70 	.db #0x34	; 52	'4'
      000012 00                      71 	.db #0x00	; 0
      000013 00                      72 	.db #0x00	; 0
      000014 00                      73 	.db #0x00	; 0
      000015 99                      74 	.db #0x99	; 153
      000016 34                      75 	.db #0x34	; 52	'4'
      000017 91                      76 	.db #0x91	; 145
      000018 37                      77 	.db #0x37	; 55	'7'
      000019 99                      78 	.db #0x99	; 153
      00001A 00                      79 	.db #0x00	; 0
      00001B 00                      80 	.db #0x00	; 0
      00001C 20                      81 	.db #0x20	; 32
      00001D 00                      82 	.db #0x00	; 0
      00001E 00                      83 	.db #0x00	; 0
      00001F 00                      84 	.db #0x00	; 0
      000020 00                      85 	.db #0x00	; 0
      000021 20                      86 	.db #0x20	; 32
      000022 20                      87 	.db #0x20	; 32
      000023 00                      88 	.db #0x00	; 0
      000024 A0                      89 	.db #0xa0	; 160
      000025 34                      90 	.db #0x34	; 52	'4'
      000026 00                      91 	.db #0x00	; 0
      000027 00                      92 	.db #0x00	; 0
      000028 00                      93 	.db #0x00	; 0
      000029 A2                      94 	.db #0xa2	; 162
      00002A 34                      95 	.db #0x34	; 52	'4'
      00002B 96                      96 	.db #0x96	; 150
      00002C 37                      97 	.db #0x37	; 55	'7'
      00002D 99                      98 	.db #0x99	; 153
      00002E 00                      99 	.db #0x00	; 0
      00002F 00                     100 	.db #0x00	; 0
      000030 20                     101 	.db #0x20	; 32
      000031 00                     102 	.db #0x00	; 0
      000032 00                     103 	.db #0x00	; 0
      000033 00                     104 	.db #0x00	; 0
      000034 00                     105 	.db #0x00	; 0
      000035 20                     106 	.db #0x20	; 32
      000036 20                     107 	.db #0x20	; 32
      000037 00                     108 	.db #0x00	; 0
      000038 9D                     109 	.db #0x9d	; 157
      000039 34                     110 	.db #0x34	; 52	'4'
      00003A 00                     111 	.db #0x00	; 0
      00003B 00                     112 	.db #0x00	; 0
      00003C 00                     113 	.db #0x00	; 0
      00003D 99                     114 	.db #0x99	; 153
      00003E 34                     115 	.db #0x34	; 52	'4'
      00003F 91                     116 	.db #0x91	; 145
      000040 37                     117 	.db #0x37	; 55	'7'
      000041 99                     118 	.db #0x99	; 153
      000042 00                     119 	.db #0x00	; 0
      000043 00                     120 	.db #0x00	; 0
      000044 20                     121 	.db #0x20	; 32
      000045 00                     122 	.db #0x00	; 0
      000046 00                     123 	.db #0x00	; 0
      000047 00                     124 	.db #0x00	; 0
      000048 00                     125 	.db #0x00	; 0
      000049 20                     126 	.db #0x20	; 32
      00004A 20                     127 	.db #0x20	; 32
      00004B 00                     128 	.db #0x00	; 0
      00004C 9D                     129 	.db #0x9d	; 157
      00004D 34                     130 	.db #0x34	; 52	'4'
      00004E 00                     131 	.db #0x00	; 0
      00004F 00                     132 	.db #0x00	; 0
      000050 00                     133 	.db #0x00	; 0
      000051 A2                     134 	.db #0xa2	; 162
      000052 34                     135 	.db #0x34	; 52	'4'
      000053 92                     136 	.db #0x92	; 146
      000054 37                     137 	.db #0x37	; 55	'7'
      000055 99                     138 	.db #0x99	; 153
      000056 00                     139 	.db #0x00	; 0
      000057 00                     140 	.db #0x00	; 0
      000058 20                     141 	.db #0x20	; 32
      000059 00                     142 	.db #0x00	; 0
      00005A 00                     143 	.db #0x00	; 0
      00005B 00                     144 	.db #0x00	; 0
      00005C 00                     145 	.db #0x00	; 0
      00005D 20                     146 	.db #0x20	; 32
      00005E 20                     147 	.db #0x20	; 32
      00005F 00                     148 	.db #0x00	; 0
      000060 9D                     149 	.db #0x9d	; 157
      000061 34                     150 	.db #0x34	; 52	'4'
      000062 00                     151 	.db #0x00	; 0
      000063 00                     152 	.db #0x00	; 0
      000064 00                     153 	.db #0x00	; 0
      000065 99                     154 	.db #0x99	; 153
      000066 34                     155 	.db #0x34	; 52	'4'
      000067 8D                     156 	.db #0x8d	; 141
      000068 37                     157 	.db #0x37	; 55	'7'
      000069 99                     158 	.db #0x99	; 153
      00006A 00                     159 	.db #0x00	; 0
      00006B 00                     160 	.db #0x00	; 0
      00006C 20                     161 	.db #0x20	; 32
      00006D 00                     162 	.db #0x00	; 0
      00006E 00                     163 	.db #0x00	; 0
      00006F 00                     164 	.db #0x00	; 0
      000070 00                     165 	.db #0x00	; 0
      000071 20                     166 	.db #0x20	; 32
      000072 20                     167 	.db #0x20	; 32
      000073 00                     168 	.db #0x00	; 0
      000074 A0                     169 	.db #0xa0	; 160
      000075 34                     170 	.db #0x34	; 52	'4'
      000076 00                     171 	.db #0x00	; 0
      000077 00                     172 	.db #0x00	; 0
      000078 00                     173 	.db #0x00	; 0
      000079 A2                     174 	.db #0xa2	; 162
      00007A 34                     175 	.db #0x34	; 52	'4'
      00007B 92                     176 	.db #0x92	; 146
      00007C 37                     177 	.db #0x37	; 55	'7'
      00007D 99                     178 	.db #0x99	; 153
      00007E 00                     179 	.db #0x00	; 0
      00007F 00                     180 	.db #0x00	; 0
      000080 20                     181 	.db #0x20	; 32
      000081 00                     182 	.db #0x00	; 0
      000082 00                     183 	.db #0x00	; 0
      000083 00                     184 	.db #0x00	; 0
      000084 00                     185 	.db #0x00	; 0
      000085 20                     186 	.db #0x20	; 32
      000086 20                     187 	.db #0x20	; 32
      000087 00                     188 	.db #0x00	; 0
      000088 9D                     189 	.db #0x9d	; 157
      000089 34                     190 	.db #0x34	; 52	'4'
      00008A 00                     191 	.db #0x00	; 0
      00008B 00                     192 	.db #0x00	; 0
      00008C 00                     193 	.db #0x00	; 0
      00008D 99                     194 	.db #0x99	; 153
      00008E 34                     195 	.db #0x34	; 52	'4'
      00008F 8D                     196 	.db #0x8d	; 141
      000090 37                     197 	.db #0x37	; 55	'7'
      000091 99                     198 	.db #0x99	; 153
      000092 00                     199 	.db #0x00	; 0
      000093 00                     200 	.db #0x00	; 0
      000094 00                     201 	.db #0x00	; 0
      000095 00                     202 	.db #0x00	; 0
      000096 00                     203 	.db #0x00	; 0
      000097 00                     204 	.db #0x00	; 0
      000098 00                     205 	.db #0x00	; 0
      000099 00                     206 	.db #0x00	; 0
      00009A 00                     207 	.db #0x00	; 0
      00009B 00                     208 	.db #0x00	; 0
      00009C 00                     209 	.db #0x00	; 0
      00009D 00                     210 	.db #0x00	; 0
      00009E 00                     211 	.db #0x00	; 0
      00009F 00                     212 	.db #0x00	; 0
      0000A0 A2                     213 	.db #0xa2	; 162
      0000A1 34                     214 	.db #0x34	; 52	'4'
      0000A2 96                     215 	.db #0x96	; 150
      0000A3 37                     216 	.db #0x37	; 55	'7'
      0000A4 99                     217 	.db #0x99	; 153
      0000A5 00                     218 	.db #0x00	; 0
      0000A6 00                     219 	.db #0x00	; 0
      0000A7 20                     220 	.db #0x20	; 32
      0000A8 00                     221 	.db #0x00	; 0
      0000A9 00                     222 	.db #0x00	; 0
      0000AA 00                     223 	.db #0x00	; 0
      0000AB 00                     224 	.db #0x00	; 0
      0000AC 20                     225 	.db #0x20	; 32
      0000AD 20                     226 	.db #0x20	; 32
      0000AE 00                     227 	.db #0x00	; 0
      0000AF 9D                     228 	.db #0x9d	; 157
      0000B0 34                     229 	.db #0x34	; 52	'4'
      0000B1 00                     230 	.db #0x00	; 0
      0000B2 00                     231 	.db #0x00	; 0
      0000B3 00                     232 	.db #0x00	; 0
      0000B4 99                     233 	.db #0x99	; 153
      0000B5 34                     234 	.db #0x34	; 52	'4'
      0000B6 91                     235 	.db #0x91	; 145
      0000B7 37                     236 	.db #0x37	; 55	'7'
      0000B8 99                     237 	.db #0x99	; 153
      0000B9 00                     238 	.db #0x00	; 0
      0000BA 00                     239 	.db #0x00	; 0
      0000BB 20                     240 	.db #0x20	; 32
      0000BC 00                     241 	.db #0x00	; 0
      0000BD 00                     242 	.db #0x00	; 0
      0000BE 00                     243 	.db #0x00	; 0
      0000BF 00                     244 	.db #0x00	; 0
      0000C0 20                     245 	.db #0x20	; 32
      0000C1 20                     246 	.db #0x20	; 32
      0000C2 00                     247 	.db #0x00	; 0
      0000C3 A0                     248 	.db #0xa0	; 160
      0000C4 34                     249 	.db #0x34	; 52	'4'
      0000C5 00                     250 	.db #0x00	; 0
      0000C6 00                     251 	.db #0x00	; 0
      0000C7 00                     252 	.db #0x00	; 0
      0000C8 A2                     253 	.db #0xa2	; 162
      0000C9 34                     254 	.db #0x34	; 52	'4'
      0000CA 96                     255 	.db #0x96	; 150
      0000CB 37                     256 	.db #0x37	; 55	'7'
      0000CC 99                     257 	.db #0x99	; 153
      0000CD 00                     258 	.db #0x00	; 0
      0000CE 00                     259 	.db #0x00	; 0
      0000CF 20                     260 	.db #0x20	; 32
      0000D0 00                     261 	.db #0x00	; 0
      0000D1 00                     262 	.db #0x00	; 0
      0000D2 00                     263 	.db #0x00	; 0
      0000D3 00                     264 	.db #0x00	; 0
      0000D4 20                     265 	.db #0x20	; 32
      0000D5 20                     266 	.db #0x20	; 32
      0000D6 00                     267 	.db #0x00	; 0
      0000D7 9D                     268 	.db #0x9d	; 157
      0000D8 34                     269 	.db #0x34	; 52	'4'
      0000D9 00                     270 	.db #0x00	; 0
      0000DA 00                     271 	.db #0x00	; 0
      0000DB 00                     272 	.db #0x00	; 0
      0000DC 99                     273 	.db #0x99	; 153
      0000DD 34                     274 	.db #0x34	; 52	'4'
      0000DE 91                     275 	.db #0x91	; 145
      0000DF 37                     276 	.db #0x37	; 55	'7'
      0000E0 99                     277 	.db #0x99	; 153
      0000E1 00                     278 	.db #0x00	; 0
      0000E2 00                     279 	.db #0x00	; 0
      0000E3 20                     280 	.db #0x20	; 32
      0000E4 00                     281 	.db #0x00	; 0
      0000E5 00                     282 	.db #0x00	; 0
      0000E6 00                     283 	.db #0x00	; 0
      0000E7 00                     284 	.db #0x00	; 0
      0000E8 20                     285 	.db #0x20	; 32
      0000E9 20                     286 	.db #0x20	; 32
      0000EA 00                     287 	.db #0x00	; 0
      0000EB 9D                     288 	.db #0x9d	; 157
      0000EC 34                     289 	.db #0x34	; 52	'4'
      0000ED 00                     290 	.db #0x00	; 0
      0000EE 00                     291 	.db #0x00	; 0
      0000EF 00                     292 	.db #0x00	; 0
      0000F0 A2                     293 	.db #0xa2	; 162
      0000F1 34                     294 	.db #0x34	; 52	'4'
      0000F2 92                     295 	.db #0x92	; 146
      0000F3 37                     296 	.db #0x37	; 55	'7'
      0000F4 99                     297 	.db #0x99	; 153
      0000F5 00                     298 	.db #0x00	; 0
      0000F6 00                     299 	.db #0x00	; 0
      0000F7 20                     300 	.db #0x20	; 32
      0000F8 00                     301 	.db #0x00	; 0
      0000F9 00                     302 	.db #0x00	; 0
      0000FA 00                     303 	.db #0x00	; 0
      0000FB 00                     304 	.db #0x00	; 0
      0000FC 20                     305 	.db #0x20	; 32
      0000FD 20                     306 	.db #0x20	; 32
      0000FE 00                     307 	.db #0x00	; 0
      0000FF 9D                     308 	.db #0x9d	; 157
      000100 34                     309 	.db #0x34	; 52	'4'
      000101 00                     310 	.db #0x00	; 0
      000102 00                     311 	.db #0x00	; 0
      000103 00                     312 	.db #0x00	; 0
      000104 99                     313 	.db #0x99	; 153
      000105 34                     314 	.db #0x34	; 52	'4'
      000106 8D                     315 	.db #0x8d	; 141
      000107 37                     316 	.db #0x37	; 55	'7'
      000108 99                     317 	.db #0x99	; 153
      000109 00                     318 	.db #0x00	; 0
      00010A 00                     319 	.db #0x00	; 0
      00010B 20                     320 	.db #0x20	; 32
      00010C 00                     321 	.db #0x00	; 0
      00010D 00                     322 	.db #0x00	; 0
      00010E 00                     323 	.db #0x00	; 0
      00010F 00                     324 	.db #0x00	; 0
      000110 20                     325 	.db #0x20	; 32
      000111 20                     326 	.db #0x20	; 32
      000112 00                     327 	.db #0x00	; 0
      000113 A0                     328 	.db #0xa0	; 160
      000114 34                     329 	.db #0x34	; 52	'4'
      000115 00                     330 	.db #0x00	; 0
      000116 00                     331 	.db #0x00	; 0
      000117 00                     332 	.db #0x00	; 0
      000118 A2                     333 	.db #0xa2	; 162
      000119 34                     334 	.db #0x34	; 52	'4'
      00011A 92                     335 	.db #0x92	; 146
      00011B 37                     336 	.db #0x37	; 55	'7'
      00011C 99                     337 	.db #0x99	; 153
      00011D 00                     338 	.db #0x00	; 0
      00011E 00                     339 	.db #0x00	; 0
      00011F 20                     340 	.db #0x20	; 32
      000120 00                     341 	.db #0x00	; 0
      000121 00                     342 	.db #0x00	; 0
      000122 00                     343 	.db #0x00	; 0
      000123 00                     344 	.db #0x00	; 0
      000124 20                     345 	.db #0x20	; 32
      000125 20                     346 	.db #0x20	; 32
      000126 00                     347 	.db #0x00	; 0
      000127 9D                     348 	.db #0x9d	; 157
      000128 34                     349 	.db #0x34	; 52	'4'
      000129 00                     350 	.db #0x00	; 0
      00012A 00                     351 	.db #0x00	; 0
      00012B 00                     352 	.db #0x00	; 0
      00012C 99                     353 	.db #0x99	; 153
      00012D 34                     354 	.db #0x34	; 52	'4'
      00012E 8D                     355 	.db #0x8d	; 141
      00012F 37                     356 	.db #0x37	; 55	'7'
      000130 99                     357 	.db #0x99	; 153
      000131 00                     358 	.db #0x00	; 0
      000132 00                     359 	.db #0x00	; 0
      000133 00                     360 	.db #0x00	; 0
      000134 00                     361 	.db #0x00	; 0
      000135 00                     362 	.db #0x00	; 0
      000136 00                     363 	.db #0x00	; 0
      000137 20                     364 	.db #0x20	; 32
      000138 20                     365 	.db #0x20	; 32
      000139 20                     366 	.db #0x20	; 32
      00013A 00                     367 	.db #0x00	; 0
      00013B 00                     368 	.db #0x00	; 0
      00013C 91                     369 	.db #0x91	; 145
      00013D 37                     370 	.db #0x37	; 55	'7'
      00013E 99                     371 	.db #0x99	; 153
      00013F 00                     372 	.db #0x00	; 0
                                    373 	.area _CABS (ABS)
